<?xml version="1.0" encoding="utf-8" standalone="no"?>
<test-run id="2" testcasecount="5" result="Passed" total="5" passed="0" failed="0" inconclusive="0" skipped="0" asserts="0" engine-version="3.0.5813.39036" clr-version="4.0.30319.34209" start-time="2015-12-20 14:17:21Z" end-time="2015-12-20 14:20:23Z" duration="181.816194">
  <command-line><![CDATA["C:\Program Files (x86)\NUnit.org\nunit-console\nunit3-console.exe"  D:\Automation-Testing\9gagAutomation\bin\Debug\Test9gagAutomation.dll]]></command-line>
  <test-suite type="Assembly" id="1-1011" name="D:\Automation-Testing\9gagAutomation\bin\Debug\Test9gagAutomation.dll" fullname="D:\Automation-Testing\9gagAutomation\bin\Debug\Test9gagAutomation.dll" runstate="Runnable" testcasecount="5" result="Passed" duration="181.733966" total="5" passed="0" failed="0" inconclusive="0" skipped="0" asserts="0">
    <properties>
      <property name="_PID" value="14860" />
      <property name="_APPDOMAIN" value="test-domain-" />
    </properties>
    <test-suite type="Namespace" id="1-1012" name="TestAutomation" fullname="TestAutomation" runstate="Runnable" testcasecount="5" result="Passed" duration="181.713376" total="5" passed="0" failed="0" inconclusive="0" skipped="0" asserts="0">
      <test-suite type="TestFixture" id="1-1000" name="Tests" fullname="TestAutomation.Tests" runstate="Runnable" testcasecount="5" result="Passed" duration="181.710701" total="5" passed="0" failed="0" inconclusive="0" skipped="0" asserts="0">
        <test-suite type="ParameterizedTest" id="1-1007" name="AddCommentForPost" fullname="TestAutomation.Tests.AddCommentForPost" runstate="Runnable" testcasecount="1" result="Passed" duration="49.000432" total="1" passed="0" failed="0" inconclusive="0" skipped="0" asserts="0">
          <test-case id="1-1008" name="AddCommentForPost()" fullname="TestAutomation.Tests.AddCommentForPost()" runstate="Runnable" result="Passed" duration="48.954209" asserts="1">
            <properties>
              <property name="_DESCRIPTION" value="Comment is added successfully." />
            </properties>
          </test-case>
        </test-suite>
        <test-suite type="ParameterizedTest" id="1-1001" name="OneCanLogin9gag9" fullname="TestAutomation.Tests.OneCanLogin9gag9" runstate="Runnable" testcasecount="1" result="Passed" duration="32.499615" total="1" passed="0" failed="0" inconclusive="0" skipped="0" asserts="0">
          <test-case id="1-1002" name="OneCanLogin9gag9()" fullname="TestAutomation.Tests.OneCanLogin9gag9()" runstate="Runnable" result="Passed" duration="32.497751" asserts="1">
            <properties>
              <property name="_DESCRIPTION" value="Successful loged in." />
            </properties>
          </test-case>
        </test-suite>
        <test-suite type="ParameterizedTest" id="1-1009" name="OpenSection" fullname="TestAutomation.Tests.OpenSection" runstate="Runnable" testcasecount="1" result="Passed" duration="22.167849" total="1" passed="0" failed="0" inconclusive="0" skipped="0" asserts="0">
          <test-case id="1-1010" name="OpenSection()" fullname="TestAutomation.Tests.OpenSection()" runstate="Runnable" result="Passed" duration="22.167049" asserts="1">
            <properties>
              <property name="_DESCRIPTION" value="Open Section succesfully." />
            </properties>
          </test-case>
        </test-suite>
        <test-suite type="ParameterizedTest" id="1-1003" name="SearchPopular" fullname="TestAutomation.Tests.SearchPopular" runstate="Runnable" testcasecount="1" result="Passed" duration="24.151555" total="1" passed="0" failed="0" inconclusive="0" skipped="0" asserts="0">
          <test-case id="1-1004" name="SearchPopular()" fullname="TestAutomation.Tests.SearchPopular()" runstate="Runnable" result="Passed" duration="24.150222" asserts="1">
            <properties>
              <property name="_DESCRIPTION" value="Search for popular query is not empty." />
            </properties>
          </test-case>
        </test-suite>
        <test-suite type="ParameterizedTest" id="1-1005" name="SearchUnpopular" fullname="TestAutomation.Tests.SearchUnpopular" runstate="Runnable" testcasecount="1" result="Passed" duration="53.456214" total="1" passed="0" failed="0" inconclusive="0" skipped="0" asserts="0">
          <test-case id="1-1006" name="SearchUnpopular()" fullname="TestAutomation.Tests.SearchUnpopular()" runstate="Runnable" result="Passed" duration="53.454959" asserts="1">
            <properties>
              <property name="_DESCRIPTION" value="Search for unpopular query is empty." />
            </properties>
          </test-case>
        </test-suite>
      </test-suite>
    </test-suite>
  </test-suite>
</test-run>